2017-02-24 13:37:43 [127.0.0.1][-][-][error][yii\web\HttpException:404] yii\base\InvalidRouteException: Unable to resolve the request "". in /home/smile/mywww/blog/vendor/yiisoft/yii2/base/Module.php:460
Stack trace:
#0 /home/smile/mywww/blog/vendor/yiisoft/yii2/web/Application.php(84): yii\base\Module->runAction('', Array)
#1 /home/smile/mywww/blog/vendor/yiisoft/yii2/base/Application.php(375): yii\web\Application->handleRequest(Object(yii\web\Request))
#2 /home/smile/mywww/blog/web/frontend/index.php(18): yii\base\Application->run()
#3 {main}

Next yii\web\NotFoundHttpException: Page not found. in /home/smile/mywww/blog/vendor/yiisoft/yii2/web/Application.php:96
Stack trace:
#0 /home/smile/mywww/blog/vendor/yiisoft/yii2/base/Application.php(375): yii\web\Application->handleRequest(Object(yii\web\Request))
#1 /home/smile/mywww/blog/web/frontend/index.php(18): yii\base\Application->run()
#2 {main}
2017-02-24 13:37:43 [127.0.0.1][-][-][info][application] $_SERVER = [
    'USER' => 'www-data'
    'HOME' => '/var/www'
    'HTTP_UPGRADE_INSECURE_REQUESTS' => '1'
    'HTTP_CONNECTION' => 'keep-alive'
    'HTTP_ACCEPT_ENCODING' => 'gzip, deflate'
    'HTTP_ACCEPT_LANGUAGE' => 'en-US,en;q=0.5'
    'HTTP_ACCEPT' => 'text/html,application/xhtml+xml,application/xml;q=0.9,*/*;q=0.8'
    'HTTP_USER_AGENT' => 'Mozilla/5.0 (Linux; U; Android 4.4.4; Nexus 5 Build/KTU84P) AppleWebkit/534.30 (KHTML, like Gecko) Version/4.0 Mobile Safari/534.30'
    'HTTP_HOST' => 'www.blog.com'
    'REDIRECT_STATUS' => '200'
    'SERVER_NAME' => 'www.blog.com'
    'SERVER_PORT' => '80'
    'SERVER_ADDR' => '127.0.0.1'
    'REMOTE_PORT' => '57524'
    'REMOTE_ADDR' => '127.0.0.1'
    'SERVER_SOFTWARE' => 'nginx/1.10.0'
    'GATEWAY_INTERFACE' => 'CGI/1.1'
    'REQUEST_SCHEME' => 'http'
    'SERVER_PROTOCOL' => 'HTTP/1.1'
    'DOCUMENT_ROOT' => '/home/smile/mywww/blog/web/frontend'
    'DOCUMENT_URI' => '/index.php'
    'REQUEST_URI' => '/'
    'SCRIPT_NAME' => '/index.php'
    'CONTENT_LENGTH' => ''
    'CONTENT_TYPE' => ''
    'REQUEST_METHOD' => 'GET'
    'QUERY_STRING' => ''
    'SCRIPT_FILENAME' => '/home/smile/mywww/blog/web/frontend/index.php'
    'PATH_INFO' => ''
    'FCGI_ROLE' => 'RESPONDER'
    'PHP_SELF' => '/index.php'
    'REQUEST_TIME_FLOAT' => 1487914663.2786
    'REQUEST_TIME' => 1487914663
]
2017-02-24 13:37:43 [127.0.0.1][-][-][warning][yii\log\Dispatcher::dispatch] Unable to send log via yii\debug\LogTarget: Exception (Invalid Configuration) 'yii\base\InvalidConfigException' with message 'The directory does not exist: /home/smile/mywww/blog/web/frontend/assets' 

in /home/smile/mywww/blog/vendor/yiisoft/yii2/web/AssetManager.php:211

Stack trace:
#0 /home/smile/mywww/blog/vendor/yiisoft/yii2/base/Object.php(107): yii\web\AssetManager->init()
#1 [internal function]: yii\base\Object->__construct(Array)
#2 /home/smile/mywww/blog/vendor/yiisoft/yii2/di/Container.php(368): ReflectionClass->newInstanceArgs(Array)
#3 /home/smile/mywww/blog/vendor/yiisoft/yii2/di/Container.php(153): yii\di\Container->build('yii\\web\\AssetMa...', Array, Array)
#4 /home/smile/mywww/blog/vendor/yiisoft/yii2/BaseYii.php(344): yii\di\Container->get('yii\\web\\AssetMa...', Array, Array)
#5 /home/smile/mywww/blog/vendor/yiisoft/yii2/di/ServiceLocator.php(133): yii\BaseYii::createObject(Array)
#6 /home/smile/mywww/blog/vendor/yiisoft/yii2/base/Application.php(600): yii\di\ServiceLocator->get('assetManager')
#7 /home/smile/mywww/blog/vendor/yiisoft/yii2/web/View.php(223): yii\base\Application->getAssetManager()
#8 /home/smile/mywww/blog/vendor/yiisoft/yii2/base/Component.php(130): yii\web\View->getAssetManager()
#9 /home/smile/mywww/blog/vendor/yiisoft/yii2-debug/panels/AssetPanel.php(53): yii\base\Component->__get('assetManager')
#10 /home/smile/mywww/blog/vendor/yiisoft/yii2-debug/LogTarget.php(54): yii\debug\panels\AssetPanel->save()
#11 /home/smile/mywww/blog/vendor/yiisoft/yii2-debug/LogTarget.php(118): yii\debug\LogTarget->export()
#12 /home/smile/mywww/blog/vendor/yiisoft/yii2/log/Dispatcher.php(183): yii\debug\LogTarget->collect(Array, true)
#13 /home/smile/mywww/blog/vendor/yiisoft/yii2/log/Logger.php(173): yii\log\Dispatcher->dispatch(Array, true)
#14 /home/smile/mywww/blog/vendor/yiisoft/yii2/base/ErrorHandler.php(111): yii\log\Logger->flush(true)
#15 [internal function]: yii\base\ErrorHandler->handleException(Object(yii\web\NotFoundHttpException))
#16 {main}
2017-02-24 13:37:43 [127.0.0.1][-][-][info][application] $_SERVER = [
    'USER' => 'www-data'
    'HOME' => '/var/www'
    'HTTP_UPGRADE_INSECURE_REQUESTS' => '1'
    'HTTP_CONNECTION' => 'keep-alive'
    'HTTP_ACCEPT_ENCODING' => 'gzip, deflate'
    'HTTP_ACCEPT_LANGUAGE' => 'en-US,en;q=0.5'
    'HTTP_ACCEPT' => 'text/html,application/xhtml+xml,application/xml;q=0.9,*/*;q=0.8'
    'HTTP_USER_AGENT' => 'Mozilla/5.0 (Linux; U; Android 4.4.4; Nexus 5 Build/KTU84P) AppleWebkit/534.30 (KHTML, like Gecko) Version/4.0 Mobile Safari/534.30'
    'HTTP_HOST' => 'www.blog.com'
    'REDIRECT_STATUS' => '200'
    'SERVER_NAME' => 'www.blog.com'
    'SERVER_PORT' => '80'
    'SERVER_ADDR' => '127.0.0.1'
    'REMOTE_PORT' => '57524'
    'REMOTE_ADDR' => '127.0.0.1'
    'SERVER_SOFTWARE' => 'nginx/1.10.0'
    'GATEWAY_INTERFACE' => 'CGI/1.1'
    'REQUEST_SCHEME' => 'http'
    'SERVER_PROTOCOL' => 'HTTP/1.1'
    'DOCUMENT_ROOT' => '/home/smile/mywww/blog/web/frontend'
    'DOCUMENT_URI' => '/index.php'
    'REQUEST_URI' => '/'
    'SCRIPT_NAME' => '/index.php'
    'CONTENT_LENGTH' => ''
    'CONTENT_TYPE' => ''
    'REQUEST_METHOD' => 'GET'
    'QUERY_STRING' => ''
    'SCRIPT_FILENAME' => '/home/smile/mywww/blog/web/frontend/index.php'
    'PATH_INFO' => ''
    'FCGI_ROLE' => 'RESPONDER'
    'PHP_SELF' => '/index.php'
    'REQUEST_TIME_FLOAT' => 1487914663.2786
    'REQUEST_TIME' => 1487914663
]
2017-02-24 13:37:43 [127.0.0.1][-][-][error][yii\web\HttpException:404] yii\web\NotFoundHttpException: Page not found. in /home/smile/mywww/blog/vendor/yiisoft/yii2/web/Request.php:190
Stack trace:
#0 /home/smile/mywww/blog/vendor/yiisoft/yii2/web/Application.php(75): yii\web\Request->resolve()
#1 /home/smile/mywww/blog/vendor/yiisoft/yii2/base/Application.php(375): yii\web\Application->handleRequest(Object(yii\web\Request))
#2 /home/smile/mywww/blog/web/frontend/index.php(18): yii\base\Application->run()
#3 {main}
2017-02-24 13:37:43 [127.0.0.1][-][-][info][application] $_SERVER = [
    'USER' => 'www-data'
    'HOME' => '/var/www'
    'HTTP_CONNECTION' => 'keep-alive'
    'HTTP_ACCEPT_ENCODING' => 'gzip, deflate'
    'HTTP_ACCEPT_LANGUAGE' => 'en-US,en;q=0.5'
    'HTTP_ACCEPT' => '*/*'
    'HTTP_USER_AGENT' => 'Mozilla/5.0 (Linux; U; Android 4.4.4; Nexus 5 Build/KTU84P) AppleWebkit/534.30 (KHTML, like Gecko) Version/4.0 Mobile Safari/534.30'
    'HTTP_HOST' => 'www.blog.com'
    'REDIRECT_STATUS' => '200'
    'SERVER_NAME' => 'www.blog.com'
    'SERVER_PORT' => '80'
    'SERVER_ADDR' => '127.0.0.1'
    'REMOTE_PORT' => '57526'
    'REMOTE_ADDR' => '127.0.0.1'
    'SERVER_SOFTWARE' => 'nginx/1.10.0'
    'GATEWAY_INTERFACE' => 'CGI/1.1'
    'REQUEST_SCHEME' => 'http'
    'SERVER_PROTOCOL' => 'HTTP/1.1'
    'DOCUMENT_ROOT' => '/home/smile/mywww/blog/web/frontend'
    'DOCUMENT_URI' => '/index.php'
    'REQUEST_URI' => '/favicon.ico'
    'SCRIPT_NAME' => '/index.php'
    'CONTENT_LENGTH' => ''
    'CONTENT_TYPE' => ''
    'REQUEST_METHOD' => 'GET'
    'QUERY_STRING' => ''
    'SCRIPT_FILENAME' => '/home/smile/mywww/blog/web/frontend/index.php'
    'PATH_INFO' => ''
    'FCGI_ROLE' => 'RESPONDER'
    'PHP_SELF' => '/index.php'
    'REQUEST_TIME_FLOAT' => 1487914663.3323
    'REQUEST_TIME' => 1487914663
]
2017-02-24 13:37:43 [127.0.0.1][-][-][warning][yii\log\Dispatcher::dispatch] Unable to send log via yii\debug\LogTarget: Exception (Invalid Configuration) 'yii\base\InvalidConfigException' with message 'The directory does not exist: /home/smile/mywww/blog/web/frontend/assets' 

in /home/smile/mywww/blog/vendor/yiisoft/yii2/web/AssetManager.php:211

Stack trace:
#0 /home/smile/mywww/blog/vendor/yiisoft/yii2/base/Object.php(107): yii\web\AssetManager->init()
#1 [internal function]: yii\base\Object->__construct(Array)
#2 /home/smile/mywww/blog/vendor/yiisoft/yii2/di/Container.php(368): ReflectionClass->newInstanceArgs(Array)
#3 /home/smile/mywww/blog/vendor/yiisoft/yii2/di/Container.php(153): yii\di\Container->build('yii\\web\\AssetMa...', Array, Array)
#4 /home/smile/mywww/blog/vendor/yiisoft/yii2/BaseYii.php(344): yii\di\Container->get('yii\\web\\AssetMa...', Array, Array)
#5 /home/smile/mywww/blog/vendor/yiisoft/yii2/di/ServiceLocator.php(133): yii\BaseYii::createObject(Array)
#6 /home/smile/mywww/blog/vendor/yiisoft/yii2/base/Application.php(600): yii\di\ServiceLocator->get('assetManager')
#7 /home/smile/mywww/blog/vendor/yiisoft/yii2/web/View.php(223): yii\base\Application->getAssetManager()
#8 /home/smile/mywww/blog/vendor/yiisoft/yii2/base/Component.php(130): yii\web\View->getAssetManager()
#9 /home/smile/mywww/blog/vendor/yiisoft/yii2-debug/panels/AssetPanel.php(53): yii\base\Component->__get('assetManager')
#10 /home/smile/mywww/blog/vendor/yiisoft/yii2-debug/LogTarget.php(54): yii\debug\panels\AssetPanel->save()
#11 /home/smile/mywww/blog/vendor/yiisoft/yii2-debug/LogTarget.php(118): yii\debug\LogTarget->export()
#12 /home/smile/mywww/blog/vendor/yiisoft/yii2/log/Dispatcher.php(183): yii\debug\LogTarget->collect(Array, true)
#13 /home/smile/mywww/blog/vendor/yiisoft/yii2/log/Logger.php(173): yii\log\Dispatcher->dispatch(Array, true)
#14 /home/smile/mywww/blog/vendor/yiisoft/yii2/base/ErrorHandler.php(111): yii\log\Logger->flush(true)
#15 [internal function]: yii\base\ErrorHandler->handleException(Object(yii\web\NotFoundHttpException))
#16 {main}
2017-02-24 13:37:43 [127.0.0.1][-][-][info][application] $_SERVER = [
    'USER' => 'www-data'
    'HOME' => '/var/www'
    'HTTP_CONNECTION' => 'keep-alive'
    'HTTP_ACCEPT_ENCODING' => 'gzip, deflate'
    'HTTP_ACCEPT_LANGUAGE' => 'en-US,en;q=0.5'
    'HTTP_ACCEPT' => '*/*'
    'HTTP_USER_AGENT' => 'Mozilla/5.0 (Linux; U; Android 4.4.4; Nexus 5 Build/KTU84P) AppleWebkit/534.30 (KHTML, like Gecko) Version/4.0 Mobile Safari/534.30'
    'HTTP_HOST' => 'www.blog.com'
    'REDIRECT_STATUS' => '200'
    'SERVER_NAME' => 'www.blog.com'
    'SERVER_PORT' => '80'
    'SERVER_ADDR' => '127.0.0.1'
    'REMOTE_PORT' => '57526'
    'REMOTE_ADDR' => '127.0.0.1'
    'SERVER_SOFTWARE' => 'nginx/1.10.0'
    'GATEWAY_INTERFACE' => 'CGI/1.1'
    'REQUEST_SCHEME' => 'http'
    'SERVER_PROTOCOL' => 'HTTP/1.1'
    'DOCUMENT_ROOT' => '/home/smile/mywww/blog/web/frontend'
    'DOCUMENT_URI' => '/index.php'
    'REQUEST_URI' => '/favicon.ico'
    'SCRIPT_NAME' => '/index.php'
    'CONTENT_LENGTH' => ''
    'CONTENT_TYPE' => ''
    'REQUEST_METHOD' => 'GET'
    'QUERY_STRING' => ''
    'SCRIPT_FILENAME' => '/home/smile/mywww/blog/web/frontend/index.php'
    'PATH_INFO' => ''
    'FCGI_ROLE' => 'RESPONDER'
    'PHP_SELF' => '/index.php'
    'REQUEST_TIME_FLOAT' => 1487914663.3323
    'REQUEST_TIME' => 1487914663
]
2017-02-24 13:37:43 [127.0.0.1][-][-][error][yii\web\HttpException:404] yii\web\NotFoundHttpException: Page not found. in /home/smile/mywww/blog/vendor/yiisoft/yii2/web/Request.php:190
Stack trace:
#0 /home/smile/mywww/blog/vendor/yiisoft/yii2/web/Application.php(75): yii\web\Request->resolve()
#1 /home/smile/mywww/blog/vendor/yiisoft/yii2/base/Application.php(375): yii\web\Application->handleRequest(Object(yii\web\Request))
#2 /home/smile/mywww/blog/web/frontend/index.php(18): yii\base\Application->run()
#3 {main}
2017-02-24 13:37:43 [127.0.0.1][-][-][info][application] $_SERVER = [
    'USER' => 'www-data'
    'HOME' => '/var/www'
    'HTTP_CONNECTION' => 'keep-alive'
    'HTTP_ACCEPT_ENCODING' => 'gzip, deflate'
    'HTTP_ACCEPT_LANGUAGE' => 'en-US,en;q=0.5'
    'HTTP_ACCEPT' => 'text/html,application/xhtml+xml,application/xml;q=0.9,*/*;q=0.8'
    'HTTP_USER_AGENT' => 'Mozilla/5.0 (Linux; U; Android 4.4.4; Nexus 5 Build/KTU84P) AppleWebkit/534.30 (KHTML, like Gecko) Version/4.0 Mobile Safari/534.30'
    'HTTP_HOST' => 'www.blog.com'
    'REDIRECT_STATUS' => '200'
    'SERVER_NAME' => 'www.blog.com'
    'SERVER_PORT' => '80'
    'SERVER_ADDR' => '127.0.0.1'
    'REMOTE_PORT' => '57524'
    'REMOTE_ADDR' => '127.0.0.1'
    'SERVER_SOFTWARE' => 'nginx/1.10.0'
    'GATEWAY_INTERFACE' => 'CGI/1.1'
    'REQUEST_SCHEME' => 'http'
    'SERVER_PROTOCOL' => 'HTTP/1.1'
    'DOCUMENT_ROOT' => '/home/smile/mywww/blog/web/frontend'
    'DOCUMENT_URI' => '/index.php'
    'REQUEST_URI' => '/favicon.ico'
    'SCRIPT_NAME' => '/index.php'
    'CONTENT_LENGTH' => ''
    'CONTENT_TYPE' => ''
    'REQUEST_METHOD' => 'GET'
    'QUERY_STRING' => ''
    'SCRIPT_FILENAME' => '/home/smile/mywww/blog/web/frontend/index.php'
    'PATH_INFO' => ''
    'FCGI_ROLE' => 'RESPONDER'
    'PHP_SELF' => '/index.php'
    'REQUEST_TIME_FLOAT' => 1487914663.4318
    'REQUEST_TIME' => 1487914663
]
2017-02-24 13:37:43 [127.0.0.1][-][-][warning][yii\log\Dispatcher::dispatch] Unable to send log via yii\debug\LogTarget: Exception (Invalid Configuration) 'yii\base\InvalidConfigException' with message 'The directory does not exist: /home/smile/mywww/blog/web/frontend/assets' 

in /home/smile/mywww/blog/vendor/yiisoft/yii2/web/AssetManager.php:211

Stack trace:
#0 /home/smile/mywww/blog/vendor/yiisoft/yii2/base/Object.php(107): yii\web\AssetManager->init()
#1 [internal function]: yii\base\Object->__construct(Array)
#2 /home/smile/mywww/blog/vendor/yiisoft/yii2/di/Container.php(368): ReflectionClass->newInstanceArgs(Array)
#3 /home/smile/mywww/blog/vendor/yiisoft/yii2/di/Container.php(153): yii\di\Container->build('yii\\web\\AssetMa...', Array, Array)
#4 /home/smile/mywww/blog/vendor/yiisoft/yii2/BaseYii.php(344): yii\di\Container->get('yii\\web\\AssetMa...', Array, Array)
#5 /home/smile/mywww/blog/vendor/yiisoft/yii2/di/ServiceLocator.php(133): yii\BaseYii::createObject(Array)
#6 /home/smile/mywww/blog/vendor/yiisoft/yii2/base/Application.php(600): yii\di\ServiceLocator->get('assetManager')
#7 /home/smile/mywww/blog/vendor/yiisoft/yii2/web/View.php(223): yii\base\Application->getAssetManager()
#8 /home/smile/mywww/blog/vendor/yiisoft/yii2/base/Component.php(130): yii\web\View->getAssetManager()
#9 /home/smile/mywww/blog/vendor/yiisoft/yii2-debug/panels/AssetPanel.php(53): yii\base\Component->__get('assetManager')
#10 /home/smile/mywww/blog/vendor/yiisoft/yii2-debug/LogTarget.php(54): yii\debug\panels\AssetPanel->save()
#11 /home/smile/mywww/blog/vendor/yiisoft/yii2-debug/LogTarget.php(118): yii\debug\LogTarget->export()
#12 /home/smile/mywww/blog/vendor/yiisoft/yii2/log/Dispatcher.php(183): yii\debug\LogTarget->collect(Array, true)
#13 /home/smile/mywww/blog/vendor/yiisoft/yii2/log/Logger.php(173): yii\log\Dispatcher->dispatch(Array, true)
#14 /home/smile/mywww/blog/vendor/yiisoft/yii2/base/ErrorHandler.php(111): yii\log\Logger->flush(true)
#15 [internal function]: yii\base\ErrorHandler->handleException(Object(yii\web\NotFoundHttpException))
#16 {main}
2017-02-24 13:37:43 [127.0.0.1][-][-][info][application] $_SERVER = [
    'USER' => 'www-data'
    'HOME' => '/var/www'
    'HTTP_CONNECTION' => 'keep-alive'
    'HTTP_ACCEPT_ENCODING' => 'gzip, deflate'
    'HTTP_ACCEPT_LANGUAGE' => 'en-US,en;q=0.5'
    'HTTP_ACCEPT' => 'text/html,application/xhtml+xml,application/xml;q=0.9,*/*;q=0.8'
    'HTTP_USER_AGENT' => 'Mozilla/5.0 (Linux; U; Android 4.4.4; Nexus 5 Build/KTU84P) AppleWebkit/534.30 (KHTML, like Gecko) Version/4.0 Mobile Safari/534.30'
    'HTTP_HOST' => 'www.blog.com'
    'REDIRECT_STATUS' => '200'
    'SERVER_NAME' => 'www.blog.com'
    'SERVER_PORT' => '80'
    'SERVER_ADDR' => '127.0.0.1'
    'REMOTE_PORT' => '57524'
    'REMOTE_ADDR' => '127.0.0.1'
    'SERVER_SOFTWARE' => 'nginx/1.10.0'
    'GATEWAY_INTERFACE' => 'CGI/1.1'
    'REQUEST_SCHEME' => 'http'
    'SERVER_PROTOCOL' => 'HTTP/1.1'
    'DOCUMENT_ROOT' => '/home/smile/mywww/blog/web/frontend'
    'DOCUMENT_URI' => '/index.php'
    'REQUEST_URI' => '/favicon.ico'
    'SCRIPT_NAME' => '/index.php'
    'CONTENT_LENGTH' => ''
    'CONTENT_TYPE' => ''
    'REQUEST_METHOD' => 'GET'
    'QUERY_STRING' => ''
    'SCRIPT_FILENAME' => '/home/smile/mywww/blog/web/frontend/index.php'
    'PATH_INFO' => ''
    'FCGI_ROLE' => 'RESPONDER'
    'PHP_SELF' => '/index.php'
    'REQUEST_TIME_FLOAT' => 1487914663.4318
    'REQUEST_TIME' => 1487914663
]
